15:15:55.63 [INFO] handling request: `--pants-bin-name=./pants --pants-version=2.14.1 tailor ::`
15:15:56.62 [INFO] request completed: `--pants-bin-name=./pants --pants-version=2.14.1 tailor ::`
15:17:16.45 [INFO] Extending leases
15:17:16.45 [INFO] Done extending leases
15:18:36.45 [INFO] Extending leases
15:18:36.46 [INFO] Done extending leases
15:19:56.46 [INFO] Extending leases
15:19:56.46 [INFO] Done extending leases
15:21:16.46 [INFO] Extending leases
15:21:16.46 [INFO] Done extending leases
15:22:36.46 [INFO] Extending leases
15:22:36.46 [INFO] Done extending leases
15:23:56.47 [INFO] Extending leases
15:23:56.47 [INFO] Done extending leases
15:25:16.47 [INFO] Extending leases
15:25:16.47 [INFO] Done extending leases
15:26:36.47 [INFO] Extending leases
15:26:36.48 [INFO] Done extending leases
15:27:56.48 [INFO] Extending leases
15:27:56.49 [INFO] Done extending leases
15:29:16.49 [INFO] Extending leases
15:29:16.49 [INFO] Done extending leases
15:30:36.49 [INFO] Extending leases
15:30:36.49 [INFO] Done extending leases
15:31:56.49 [INFO] Extending leases
15:31:56.49 [INFO] Done extending leases
15:33:16.49 [INFO] Extending leases
15:33:16.50 [INFO] Done extending leases
15:34:36.50 [INFO] Extending leases
15:34:36.50 [INFO] Done extending leases
15:35:56.50 [INFO] Extending leases
15:35:56.50 [INFO] Done extending leases
15:37:16.50 [INFO] Extending leases
15:37:16.50 [INFO] Done extending leases
15:38:36.50 [INFO] Extending leases
15:38:36.51 [INFO] Done extending leases
15:39:56.51 [INFO] Extending leases
15:39:56.51 [INFO] Done extending leases
15:41:16.51 [INFO] Extending leases
15:41:16.51 [INFO] Done extending leases
15:42:36.51 [INFO] Extending leases
15:42:36.51 [INFO] Done extending leases
15:43:56.52 [INFO] Extending leases
15:43:56.52 [INFO] Done extending leases
15:45:16.52 [INFO] Extending leases
15:45:16.52 [INFO] Done extending leases
15:46:36.52 [INFO] Extending leases
15:46:36.52 [INFO] Done extending leases
15:47:56.52 [INFO] Extending leases
15:47:56.52 [INFO] Done extending leases
15:49:16.53 [INFO] Extending leases
15:49:16.53 [INFO] Done extending leases
15:50:36.53 [INFO] Extending leases
15:50:36.53 [INFO] Done extending leases
15:51:56.53 [INFO] Extending leases
15:51:56.53 [INFO] Done extending leases
15:53:16.53 [INFO] Extending leases
15:53:16.53 [INFO] Done extending leases
15:54:36.54 [INFO] Extending leases
15:54:36.54 [INFO] Done extending leases
15:55:56.54 [INFO] Extending leases
15:55:56.54 [INFO] Done extending leases
15:57:16.54 [INFO] Extending leases
15:57:16.54 [INFO] Done extending leases
15:58:36.54 [INFO] Extending leases
15:58:36.55 [INFO] Done extending leases
15:59:56.55 [INFO] Extending leases
15:59:56.55 [INFO] Done extending leases
16:01:16.55 [INFO] Extending leases
16:01:16.55 [INFO] Done extending leases
16:02:36.55 [INFO] Extending leases
16:02:36.55 [INFO] Done extending leases
16:03:56.55 [INFO] Extending leases
16:03:56.56 [INFO] Done extending leases
16:05:16.56 [INFO] Extending leases
16:05:16.56 [INFO] Done extending leases
16:06:36.56 [INFO] Extending leases
16:06:36.56 [INFO] Done extending leases
16:07:56.56 [INFO] Extending leases
16:07:56.56 [INFO] Done extending leases
16:09:16.57 [INFO] Extending leases
16:09:16.57 [INFO] Done extending leases
16:10:36.57 [INFO] Extending leases
16:10:36.57 [INFO] Done extending leases
16:11:56.57 [INFO] Extending leases
16:11:56.57 [INFO] Done extending leases
16:13:16.57 [INFO] Extending leases
16:13:16.57 [INFO] Done extending leases
16:14:36.58 [INFO] Extending leases
16:14:36.58 [INFO] Done extending leases
16:15:56.58 [INFO] Garbage collecting store. target_size=28,800,000,000
16:15:56.58 [INFO] Done garbage collecting store
16:15:56.58 [INFO] Extending leases
16:15:56.58 [INFO] Done extending leases
16:17:16.58 [INFO] Extending leases
16:17:16.58 [INFO] Done extending leases
16:18:36.58 [INFO] Extending leases
16:18:36.59 [INFO] Done extending leases
16:19:56.59 [INFO] Extending leases
16:19:56.59 [INFO] Done extending leases
16:21:16.59 [INFO] Extending leases
16:21:16.59 [INFO] Done extending leases
16:22:09.15 [INFO] notify invalidation: cleared 1 and dirtied 191 nodes for: {"poetry.lock", ""}
16:22:09.15 [INFO] notify invalidation: cleared 0 and dirtied 0 nodes for: {"poetry.lock"}
16:22:09.15 [INFO] notify invalidation: cleared 0 and dirtied 0 nodes for: {"", "poetry.lock"}
16:22:36.59 [INFO] Extending leases
16:22:36.63 [INFO] Done extending leases
16:23:56.63 [INFO] Extending leases
16:23:56.63 [INFO] Done extending leases
16:25:16.63 [INFO] Extending leases
16:25:16.64 [INFO] Done extending leases
16:25:30.80 [INFO] notify invalidation: cleared 0 and dirtied 0 nodes for: {"poetry.lock"}
16:25:30.80 [INFO] notify invalidation: cleared 0 and dirtied 0 nodes for: {"poetry.lock"}
16:25:30.81 [INFO] notify invalidation: cleared 1 and dirtied 191 nodes for: {"poetry.lock", ""}
16:26:10.17 [INFO] notify invalidation: cleared 0 and dirtied 0 nodes for: {"poetry.lock"}
16:26:10.17 [INFO] notify invalidation: cleared 0 and dirtied 0 nodes for: {"poetry.lock"}
16:26:10.17 [INFO] notify invalidation: cleared 1 and dirtied 191 nodes for: {"poetry.lock", ""}
16:26:36.64 [INFO] Extending leases
16:26:36.64 [INFO] Done extending leases
16:27:56.64 [INFO] Extending leases
16:27:56.64 [INFO] Done extending leases
16:28:03.64 [INFO] notify invalidation: cleared 0 and dirtied 0 nodes for: {"poetry.lock"}
16:28:03.64 [INFO] notify invalidation: cleared 0 and dirtied 0 nodes for: {"poetry.lock"}
16:28:03.64 [INFO] notify invalidation: cleared 1 and dirtied 191 nodes for: {"", "poetry.lock"}
16:28:58.12 [INFO] notify invalidation: cleared 0 and dirtied 0 nodes for: {"poetry.lock"}
16:28:58.12 [INFO] notify invalidation: cleared 0 and dirtied 0 nodes for: {"poetry.lock"}
16:28:58.13 [INFO] notify invalidation: cleared 1 and dirtied 191 nodes for: {"poetry.lock", ""}
16:28:59.01 [INFO] notify invalidation: cleared 1 and dirtied 35 nodes for: {"pyproject.toml"}
16:28:59.01 [INFO] notify invalidation: cleared 0 and dirtied 0 nodes for: {"pyproject.toml"}
16:28:59.01 [INFO] notify invalidation: cleared 0 and dirtied 0 nodes for: {"pyproject.toml"}
16:28:59.01 [INFO] notify invalidation: cleared 0 and dirtied 0 nodes for: {"pyproject.toml"}
16:28:59.02 [INFO] notify invalidation: cleared 1 and dirtied 191 nodes for: {"", "pyproject.toml"}
16:28:59.02 [INFO] notify invalidation: cleared 1 and dirtied 191 nodes for: {"pyproject.toml", ""}
16:28:59.02 [INFO] Filesystem changed during run: retrying `Snapshot` in 500ms...
16:29:16.64 [INFO] Extending leases
16:29:16.65 [INFO] Done extending leases
16:29:19.27 [INFO] notify invalidation: cleared 0 and dirtied 0 nodes for: {"poetry.lock"}
16:29:19.27 [INFO] notify invalidation: cleared 0 and dirtied 0 nodes for: {"poetry.lock"}
16:29:19.27 [INFO] notify invalidation: cleared 1 and dirtied 191 nodes for: {"poetry.lock", ""}
16:29:20.16 [INFO] notify invalidation: cleared 0 and dirtied 0 nodes for: {"pyproject.toml"}
16:29:20.16 [INFO] notify invalidation: cleared 0 and dirtied 0 nodes for: {"pyproject.toml"}
16:29:20.16 [INFO] notify invalidation: cleared 0 and dirtied 0 nodes for: {"pyproject.toml"}
16:29:20.16 [INFO] notify invalidation: cleared 0 and dirtied 0 nodes for: {"pyproject.toml"}
16:29:20.16 [INFO] notify invalidation: cleared 1 and dirtied 191 nodes for: {"pyproject.toml", ""}
16:29:20.16 [INFO] notify invalidation: cleared 1 and dirtied 191 nodes for: {"pyproject.toml", ""}
16:29:20.16 [INFO] Filesystem changed during run: retrying `Snapshot` in 500ms...
16:29:43.88 [INFO] notify invalidation: cleared 0 and dirtied 0 nodes for: {"poetry.lock"}
16:29:43.88 [INFO] notify invalidation: cleared 0 and dirtied 0 nodes for: {"poetry.lock"}
16:29:43.88 [INFO] notify invalidation: cleared 1 and dirtied 191 nodes for: {"", "poetry.lock"}
16:29:44.69 [INFO] notify invalidation: cleared 0 and dirtied 0 nodes for: {"pyproject.toml"}
16:29:44.69 [INFO] notify invalidation: cleared 0 and dirtied 0 nodes for: {"pyproject.toml"}
16:29:44.70 [INFO] notify invalidation: cleared 0 and dirtied 0 nodes for: {"pyproject.toml"}
16:29:44.70 [INFO] notify invalidation: cleared 0 and dirtied 0 nodes for: {"pyproject.toml"}
16:29:44.70 [INFO] notify invalidation: cleared 1 and dirtied 191 nodes for: {"", "pyproject.toml"}
16:29:44.70 [INFO] notify invalidation: cleared 1 and dirtied 191 nodes for: {"pyproject.toml", ""}
16:29:44.70 [INFO] Filesystem changed during run: retrying `Snapshot` in 500ms...
16:30:21.69 [INFO] notify invalidation: cleared 0 and dirtied 0 nodes for: {"poetry.lock"}
16:30:21.69 [INFO] notify invalidation: cleared 0 and dirtied 0 nodes for: {"poetry.lock"}
16:30:21.69 [INFO] notify invalidation: cleared 1 and dirtied 191 nodes for: {"", "poetry.lock"}
16:30:22.58 [INFO] notify invalidation: cleared 0 and dirtied 0 nodes for: {"pyproject.toml"}
16:30:22.58 [INFO] notify invalidation: cleared 0 and dirtied 0 nodes for: {"pyproject.toml"}
16:30:22.58 [INFO] notify invalidation: cleared 0 and dirtied 0 nodes for: {"pyproject.toml"}
16:30:22.58 [INFO] notify invalidation: cleared 0 and dirtied 0 nodes for: {"pyproject.toml"}
16:30:22.58 [INFO] notify invalidation: cleared 1 and dirtied 191 nodes for: {"pyproject.toml", ""}
16:30:22.58 [INFO] notify invalidation: cleared 1 and dirtied 191 nodes for: {"", "pyproject.toml"}
16:30:22.58 [INFO] Filesystem changed during run: retrying `Snapshot` in 500ms...
16:30:36.65 [INFO] Extending leases
16:30:36.65 [INFO] Done extending leases
16:30:36.77 [INFO] notify invalidation: cleared 0 and dirtied 0 nodes for: {"poetry.lock"}
16:30:36.77 [INFO] notify invalidation: cleared 0 and dirtied 0 nodes for: {"poetry.lock"}
16:30:36.77 [INFO] notify invalidation: cleared 1 and dirtied 191 nodes for: {"poetry.lock", ""}
16:30:37.65 [INFO] notify invalidation: cleared 0 and dirtied 0 nodes for: {"pyproject.toml"}
16:30:37.65 [INFO] notify invalidation: cleared 0 and dirtied 0 nodes for: {"pyproject.toml"}
16:30:37.65 [INFO] notify invalidation: cleared 0 and dirtied 0 nodes for: {"pyproject.toml"}
16:30:37.65 [INFO] notify invalidation: cleared 0 and dirtied 0 nodes for: {"pyproject.toml"}
16:30:37.65 [INFO] notify invalidation: cleared 1 and dirtied 191 nodes for: {"", "pyproject.toml"}
16:30:37.65 [INFO] notify invalidation: cleared 1 and dirtied 191 nodes for: {"", "pyproject.toml"}
16:31:15.77 [INFO] notify invalidation: cleared 0 and dirtied 0 nodes for: {"poetry.lock"}
16:31:15.77 [INFO] notify invalidation: cleared 0 and dirtied 0 nodes for: {"poetry.lock"}
16:31:15.77 [INFO] notify invalidation: cleared 1 and dirtied 191 nodes for: {"", "poetry.lock"}
16:31:16.77 [INFO] notify invalidation: cleared 0 and dirtied 0 nodes for: {"pyproject.toml"}
16:31:16.77 [INFO] notify invalidation: cleared 0 and dirtied 0 nodes for: {"pyproject.toml"}
16:31:16.77 [INFO] notify invalidation: cleared 0 and dirtied 0 nodes for: {"pyproject.toml"}
16:31:16.77 [INFO] notify invalidation: cleared 0 and dirtied 0 nodes for: {"pyproject.toml"}
16:31:16.77 [INFO] notify invalidation: cleared 1 and dirtied 191 nodes for: {"", "pyproject.toml"}
16:31:16.77 [INFO] notify invalidation: cleared 1 and dirtied 191 nodes for: {"", "pyproject.toml"}
16:31:50.00 [INFO] notify invalidation: cleared 0 and dirtied 0 nodes for: {"poetry.lock"}
16:31:50.00 [INFO] notify invalidation: cleared 0 and dirtied 0 nodes for: {"poetry.lock"}
16:31:50.00 [INFO] notify invalidation: cleared 1 and dirtied 191 nodes for: {"poetry.lock", ""}
16:31:51.36 [INFO] notify invalidation: cleared 0 and dirtied 0 nodes for: {"pyproject.toml"}
16:31:51.36 [INFO] notify invalidation: cleared 0 and dirtied 0 nodes for: {"pyproject.toml"}
16:31:51.36 [INFO] notify invalidation: cleared 0 and dirtied 0 nodes for: {"pyproject.toml"}
16:31:51.36 [INFO] notify invalidation: cleared 0 and dirtied 0 nodes for: {"pyproject.toml"}
16:31:51.36 [INFO] notify invalidation: cleared 1 and dirtied 191 nodes for: {"", "pyproject.toml"}
16:31:51.36 [INFO] notify invalidation: cleared 1 and dirtied 191 nodes for: {"", "pyproject.toml"}
16:31:51.36 [INFO] Filesystem changed during run: retrying `Snapshot` in 500ms...
16:31:56.65 [INFO] Extending leases
16:31:56.65 [INFO] Done extending leases
16:32:31.59 [INFO] notify invalidation: cleared 0 and dirtied 0 nodes for: {"poetry.lock"}
16:32:31.59 [INFO] notify invalidation: cleared 0 and dirtied 0 nodes for: {"poetry.lock"}
16:32:31.59 [INFO] notify invalidation: cleared 1 and dirtied 191 nodes for: {"", "poetry.lock"}
16:32:46.12 [INFO] notify invalidation: cleared 0 and dirtied 0 nodes for: {"pyproject.toml"}
16:32:46.12 [INFO] notify invalidation: cleared 0 and dirtied 0 nodes for: {"pyproject.toml"}
16:32:46.12 [INFO] notify invalidation: cleared 0 and dirtied 0 nodes for: {"pyproject.toml"}
16:32:46.12 [INFO] notify invalidation: cleared 0 and dirtied 0 nodes for: {"pyproject.toml"}
16:32:46.12 [INFO] notify invalidation: cleared 1 and dirtied 191 nodes for: {"", "pyproject.toml"}
16:32:46.12 [INFO] notify invalidation: cleared 1 and dirtied 191 nodes for: {"", "pyproject.toml"}
16:32:46.12 [INFO] Filesystem changed during run: retrying `Snapshot` in 500ms...
16:33:12.69 [INFO] notify invalidation: cleared 0 and dirtied 0 nodes for: {"poetry.lock"}
16:33:12.70 [INFO] notify invalidation: cleared 0 and dirtied 0 nodes for: {"poetry.lock"}
16:33:12.70 [INFO] notify invalidation: cleared 1 and dirtied 191 nodes for: {"", "poetry.lock"}
16:33:15.95 [INFO] notify invalidation: cleared 0 and dirtied 0 nodes for: {"pyproject.toml"}
16:33:15.95 [INFO] notify invalidation: cleared 0 and dirtied 0 nodes for: {"pyproject.toml"}
16:33:15.95 [INFO] notify invalidation: cleared 0 and dirtied 0 nodes for: {"pyproject.toml"}
16:33:15.95 [INFO] notify invalidation: cleared 0 and dirtied 0 nodes for: {"pyproject.toml"}
16:33:15.95 [INFO] notify invalidation: cleared 1 and dirtied 191 nodes for: {"", "pyproject.toml"}
16:33:15.95 [INFO] notify invalidation: cleared 1 and dirtied 191 nodes for: {"", "pyproject.toml"}
16:33:15.95 [INFO] Filesystem changed during run: retrying `Snapshot` in 500ms...
16:33:16.65 [INFO] Extending leases
16:33:16.65 [INFO] Done extending leases
16:34:36.65 [INFO] Extending leases
16:34:36.65 [INFO] Done extending leases
